<?xml version="1.0" encoding="UTF-8"?>
<!-- Generated by org.testng.reporters.JUnitReportReporter -->
<testsuite hostname="DESKTOP-M9TKH38" failures="0" tests="1" name="erp.thirdparty.SalesListTest" time="7.189" errors="0" timestamp="2024-06-19T16:12:27 IST" skipped="0">
  <testcase classname="erp.thirdparty.SalesListTest" name="viewNotActiveList" time="7.189"/>
  <system-out/>
</testsuite> <!-- erp.thirdparty.SalesListTest -->
