<?xml version="1.0" encoding="UTF-8"?>
<!-- Generated by org.testng.reporters.JUnitReportReporter -->
<testsuite hostname="DESKTOP-M9TKH38" failures="0" tests="1" name="erp.thirdparty.CustomerListTest" time="8.738" errors="0" timestamp="2024-08-09T15:02:26 IST" skipped="0">
  <testcase classname="erp.thirdparty.CustomerListTest" name="viewCustomerList" time="8.738"/>
  <system-out/>
</testsuite> <!-- erp.thirdparty.CustomerListTest -->
