<?xml version="1.0" encoding="UTF-8"?>
<!-- Generated by org.testng.reporters.JUnitReportReporter -->
<testsuite hostname="DESKTOP-M9TKH38" failures="0" tests="1" name="erp.thirdparty.CommercialTest" time="7.351" errors="0" timestamp="2024-06-17T13:00:06 IST" skipped="0">
  <testcase classname="erp.thirdparty.CommercialTest" name="viewCommercialList" time="7.351"/>
  <system-out/>
</testsuite> <!-- erp.thirdparty.CommercialTest -->
