<?xml version="1.0" encoding="UTF-8"?>
<!-- Generated by org.testng.reporters.JUnitReportReporter -->
<testsuite hostname="DESKTOP-M9TKH38" failures="0" tests="1" name="erp.thirdparty.ThirdPartyTest" time="9.770" errors="0" timestamp="2024-06-17T12:44:51 IST" skipped="0">
  <testcase classname="erp.thirdparty.ThirdPartyTest" name="createThirdParty" time="9.770"/>
  <system-out/>
</testsuite> <!-- erp.thirdparty.ThirdPartyTest -->
